<?xml version="1.0" encoding="UTF-8"?>
<beans xmlns="http://www.springframework.org/schema/beans" xmlns:xsi="http://www.w3.org/2001/XMLSchema-instance"
	xmlns:context="http://www.springframework.org/schema/context" xmlns:jdbc="http://www.springframework.org/schema/jdbc"  
	xmlns:jee="http://www.springframework.org/schema/jee" xmlns:tx="http://www.springframework.org/schema/tx"
    xmlns:util="http://www.springframework.org/schema/util" xmlns:task="http://www.springframework.org/schema/task" xsi:schemaLocation="
		http://www.springframework.org/schema/beans http://www.springframework.org/schema/beans/spring-beans-4.1.xsd
		http://www.springframework.org/schema/context http://www.springframework.org/schema/context/spring-context-4.1.xsd
		http://www.springframework.org/schema/jdbc http://www.springframework.org/schema/jdbc/spring-jdbc-4.1.xsd
		http://www.springframework.org/schema/jee http://www.springframework.org/schema/jee/spring-jee-4.1.xsd
		http://www.springframework.org/schema/tx http://www.springframework.org/schema/tx/spring-tx-4.1.xsd
		http://www.springframework.org/schema/util http://www.springframework.org/schema/util/spring-util-4.1.xsd
		http://www.springframework.org/schema/task http://www.springframework.org/schema/task/spring-task-4.1.xsd"
	default-lazy-init="true">
    
	<bean id="dataSource" class="com.alibaba.druid.pool.DruidDataSource" init-method="init" destroy-method="close"> 
	    <property name="driverClassName" value="com.mysql.jdbc.Driver" />
		<property name="url" value="jdbc:mysql://localhost:3306/jeesite?useUnicode=true&amp;characterEncoding=utf-8" />
		<property name="username" value="root" />
		<property name="password" value="root" />
	</bean>
	
	    <!-- 配置数据源事务管理器 -->
    <bean id="transactionManager" class="org.springframework.jdbc.datasource.DataSourceTransactionManager">
        <property name="dataSource" ref="dataSource"/> 
    </bean>
	
	    <!-- 配置流程引擎配置类 注意：这是用 org.activiti.spring.SpringProcessEngineConfiguration 这个类-->
    <bean id="processEngineConfiguration" class="org.activiti.spring.SpringProcessEngineConfiguration">
        <property name="dataSource" ref="dataSource"/>
        <property name="transactionManager" ref="transactionManager" />
        <property name="databaseSchemaUpdate" value="false" />
        <property name="jobExecutorActivate" value="false" />
        <property name="createDiagramOnDeploy" value="false" /> <!-- 是否生成流程定义图片 -->
		<property name="customFormTypes"><!-- 自定义表单字段类型 -->
			<list>
				<bean class="com.thinkgem.jeesite.chapter6.form.JavascriptFormType" />
				<bean class="com.thinkgem.jeesite.chapter9.form.UsersFormType" />
				<bean class="com.thinkgem.jeesite.chapter10.form.DoubleFormType" />
				<bean class="com.thinkgem.jeesite.chapter10.form.BigtextFormType" />
			</list>
		</property>
		<property name="customFormEngines"><!-- 自定义表单引擎 -->
			<list>
				<bean class="com.thinkgem.jeesite.chapter6.form.MyFormEngine" />
			</list>
		</property>
    </bean>
    
	   <!-- 配置流程引擎工厂 -->
    <bean id="processEngine" class="org.activiti.spring.ProcessEngineFactoryBean"> 
        <property name="processEngineConfiguration" ref="processEngineConfiguration" />
    </bean>
    
        <!-- 配置注入一些服务 -->
    <bean id="repositoryService" factory-bean="processEngine" factory-method="getRepositoryService"/>
    <bean id="runtimeService" factory-bean="processEngine" factory-method="getRuntimeService"/>
    <bean id="taskService" factory-bean="processEngine" factory-method="getTaskService" />
    <bean id="historyService" factory-bean="processEngine" factory-method="getHistoryService" />
    <bean id="managementService" factory-bean="processEngine" factory-method="getManagementService" />
    <bean id="formService" factory-bean="processEngine" factory-method="getFormService" />
    
    
        <!-- 配置activiti的规则 -->
    <bean id="activitiRule" class="org.activiti.engine.test.ActivitiRule">
        <property name="processEngine" ref="processEngine" />
    </bean>
    
    
    
</beans>